[{"line":1,"elements":[{"start_timestamp":"2022-07-04T08:41:21.526Z","before":[{"result":{"duration":6995300,"status":"passed"},"match":{"location":"com.stepdefinition.StepDefinition.beforeHooks(io.cucumber.java.Scenario)"}}],"line":10,"name":"Login functionality","description":"","id":"checking-the-booking-functionality-of-adactin-application;login-functionality;;2","after":[{"result":{"duration":937445700,"status":"passed"},"match":{"location":"com.stepdefinition.StepDefinition.afterHooks(io.cucumber.java.Scenario)"}}],"type":"scenario","keyword":"Scenario Outline","steps":[{"result":{"duration":33121659900,"status":"passed"},"line":3,"name":"user must launch URL","match":{"location":"com.stepdefinition.StepDefinition.user_must_launch_URL()"},"keyword":"Given "},{"result":{"duration":3696296000,"status":"passed"},"line":4,"name":"User enter the \"abc\" in the username field","match":{"arguments":[{"val":"abc","offset":16}],"location":"com.stepdefinition.StepDefinition.user_enter_the_in_the_username_field(java.lang.String)"},"keyword":"When "},{"result":{"duration":123544200,"status":"passed"},"line":5,"name":"user enter the \"123\" in the password field","match":{"arguments":[{"val":"123","offset":16}],"location":"com.stepdefinition.StepDefinition.user_enter_the_in_the_password_field(java.lang.String)"},"keyword":"And "},{"result":{"error_message":"org.openqa.selenium.InvalidSelectorException: invalid selector: Unable to locate an element with the xpath expression ///input[@id = 'login'] because of the following error:\nSyntaxError: Failed to execute 'evaluate' on 'Document': The string '///input[@id = 'login']' is not a valid XPath expression.\n  (Session info: chrome=103.0.5060.66)\nFor documentation on this error, please visit: https://selenium.dev/exceptions/#invalid_selector_exception\nBuild info: version: '4.2.2', revision: '683ccb65d6'\nSystem info: host: 'DESKTOP-8C2AU5Q', ip: '192.168.0.9', os.name: 'Windows 10', os.arch: 'amd64', os.version: '10.0', java.version: '17.0.2'\nDriver info: org.openqa.selenium.chrome.ChromeDriver\nCommand: [aa094827880fa308193ee623eedbbc6b, findElement {using=xpath, value=///input[@id = 'login']}]\nCapabilities {acceptInsecureCerts: false, browserName: chrome, browserVersion: 103.0.5060.66, chrome: {chromedriverVersion: 102.0.5005.61 (0e59bcc00cc4..., userDataDir: C:\\Users\\lenovo\\AppData\\Loc...}, goog:chromeOptions: {debuggerAddress: localhost:60965}, networkConnectionEnabled: false, pageLoadStrategy: normal, platformName: WINDOWS, proxy: Proxy(), se:cdp: ws://localhost:60965/devtoo..., se:cdpVersion: 103.0.5060.66, setWindowRect: true, strictFileInteractability: false, timeouts: {implicit: 0, pageLoad: 300000, script: 30000}, unhandledPromptBehavior: dismiss and notify, webauthn:extension:credBlob: true, webauthn:extension:largeBlob: true, webauthn:virtualAuthenticators: true}\nSession ID: aa094827880fa308193ee623eedbbc6b\r\n\tat java.base/jdk.internal.reflect.NativeConstructorAccessorImpl.newInstance0(Native Method)\r\n\tat java.base/jdk.internal.reflect.NativeConstructorAccessorImpl.newInstance(NativeConstructorAccessorImpl.java:77)\r\n\tat java.base/jdk.internal.reflect.DelegatingConstructorAccessorImpl.newInstance(DelegatingConstructorAccessorImpl.java:45)\r\n\tat java.base/java.lang.reflect.Constructor.newInstanceWithCaller(Constructor.java:499)\r\n\tat java.base/java.lang.reflect.Constructor.newInstance(Constructor.java:480)\r\n\tat org.openqa.selenium.remote.codec.w3c.W3CHttpResponseCodec.createException(W3CHttpResponseCodec.java:200)\r\n\tat org.openqa.selenium.remote.codec.w3c.W3CHttpResponseCodec.decode(W3CHttpResponseCodec.java:133)\r\n\tat org.openqa.selenium.remote.codec.w3c.W3CHttpResponseCodec.decode(W3CHttpResponseCodec.java:53)\r\n\tat org.openqa.selenium.remote.HttpCommandExecutor.execute(HttpCommandExecutor.java:184)\r\n\tat org.openqa.selenium.remote.service.DriverCommandExecutor.invokeExecute(DriverCommandExecutor.java:167)\r\n\tat org.openqa.selenium.remote.service.DriverCommandExecutor.execute(DriverCommandExecutor.java:142)\r\n\tat org.openqa.selenium.remote.RemoteWebDriver.execute(RemoteWebDriver.java:588)\r\n\tat org.openqa.selenium.remote.ElementLocation$ElementFinder$2.findElement(ElementLocation.java:162)\r\n\tat org.openqa.selenium.remote.ElementLocation.findElement(ElementLocation.java:60)\r\n\tat org.openqa.selenium.remote.RemoteWebDriver.findElement(RemoteWebDriver.java:406)\r\n\tat org.openqa.selenium.remote.RemoteWebDriver.findElement(RemoteWebDriver.java:398)\r\n\tat org.openqa.selenium.support.pagefactory.DefaultElementLocator.findElement(DefaultElementLocator.java:70)\r\n\tat org.openqa.selenium.support.pagefactory.internal.LocatingElementHandler.invoke(LocatingElementHandler.java:39)\r\n\tat jdk.proxy2/jdk.proxy2.$Proxy26.click(Unknown Source)\r\n\tat MavenProject.Maven.BaseClass.clickOnElement(BaseClass.java:47)\r\n\tat com.stepdefinition.StepDefinition.user_click_the_login_button_an_it_navigates_to_the_search_hotel_page(StepDefinition.java:69)\r\n\tat ✽.user click the login button an it navigates to the search hotel page(file:///C:/Users/lenovo/Cucumberframeworks/MavenProject/src/test/java/com/featurefile/data.feature:6)\r\n","duration":249098400,"status":"failed"},"line":6,"name":"user click the login button an it navigates to the search hotel page","match":{"location":"com.stepdefinition.StepDefinition.user_click_the_login_button_an_it_navigates_to_the_search_hotel_page()"},"keyword":"Then "}]},{"start_timestamp":"2022-07-04T08:42:00.708Z","before":[{"result":{"duration":997800,"status":"passed"},"match":{"location":"com.stepdefinition.StepDefinition.beforeHooks(io.cucumber.java.Scenario)"}}],"line":11,"name":"Login functionality","description":"","id":"checking-the-booking-functionality-of-adactin-application;login-functionality;;3","after":[{"result":{"duration":308864600,"status":"passed"},"match":{"location":"com.stepdefinition.StepDefinition.afterHooks(io.cucumber.java.Scenario)"}}],"type":"scenario","keyword":"Scenario Outline","steps":[{"result":{"duration":1941586400,"status":"passed"},"line":3,"name":"user must launch URL","match":{"location":"com.stepdefinition.StepDefinition.user_must_launch_URL()"},"keyword":"Given "},{"result":{"duration":75953500,"status":"passed"},"line":4,"name":"User enter the \"xyz\" in the username field","match":{"arguments":[{"val":"xyz","offset":16}],"location":"com.stepdefinition.StepDefinition.user_enter_the_in_the_username_field(java.lang.String)"},"keyword":"When "},{"result":{"duration":65959500,"status":"passed"},"line":5,"name":"user enter the \"456\" in the password field","match":{"arguments":[{"val":"456","offset":16}],"location":"com.stepdefinition.StepDefinition.user_enter_the_in_the_password_field(java.lang.String)"},"keyword":"And "},{"result":{"error_message":"org.openqa.selenium.InvalidSelectorException: invalid selector: Unable to locate an element with the xpath expression ///input[@id = 'login'] because of the following error:\nSyntaxError: Failed to execute 'evaluate' on 'Document': The string '///input[@id = 'login']' is not a valid XPath expression.\n  (Session info: chrome=103.0.5060.66)\nFor documentation on this error, please visit: https://selenium.dev/exceptions/#invalid_selector_exception\nBuild info: version: '4.2.2', revision: '683ccb65d6'\nSystem info: host: 'DESKTOP-8C2AU5Q', ip: '192.168.0.9', os.name: 'Windows 10', os.arch: 'amd64', os.version: '10.0', java.version: '17.0.2'\nDriver info: org.openqa.selenium.chrome.ChromeDriver\nCommand: [aa094827880fa308193ee623eedbbc6b, findElement {using=xpath, value=///input[@id = 'login']}]\nCapabilities {acceptInsecureCerts: false, browserName: chrome, browserVersion: 103.0.5060.66, chrome: {chromedriverVersion: 102.0.5005.61 (0e59bcc00cc4..., userDataDir: C:\\Users\\lenovo\\AppData\\Loc...}, goog:chromeOptions: {debuggerAddress: localhost:60965}, networkConnectionEnabled: false, pageLoadStrategy: normal, platformName: WINDOWS, proxy: Proxy(), se:cdp: ws://localhost:60965/devtoo..., se:cdpVersion: 103.0.5060.66, setWindowRect: true, strictFileInteractability: false, timeouts: {implicit: 0, pageLoad: 300000, script: 30000}, unhandledPromptBehavior: dismiss and notify, webauthn:extension:credBlob: true, webauthn:extension:largeBlob: true, webauthn:virtualAuthenticators: true}\nSession ID: aa094827880fa308193ee623eedbbc6b\r\n\tat java.base/jdk.internal.reflect.NativeConstructorAccessorImpl.newInstance0(Native Method)\r\n\tat java.base/jdk.internal.reflect.NativeConstructorAccessorImpl.newInstance(NativeConstructorAccessorImpl.java:77)\r\n\tat java.base/jdk.internal.reflect.DelegatingConstructorAccessorImpl.newInstance(DelegatingConstructorAccessorImpl.java:45)\r\n\tat java.base/java.lang.reflect.Constructor.newInstanceWithCaller(Constructor.java:499)\r\n\tat java.base/java.lang.reflect.Constructor.newInstance(Constructor.java:480)\r\n\tat org.openqa.selenium.remote.codec.w3c.W3CHttpResponseCodec.createException(W3CHttpResponseCodec.java:200)\r\n\tat org.openqa.selenium.remote.codec.w3c.W3CHttpResponseCodec.decode(W3CHttpResponseCodec.java:133)\r\n\tat org.openqa.selenium.remote.codec.w3c.W3CHttpResponseCodec.decode(W3CHttpResponseCodec.java:53)\r\n\tat org.openqa.selenium.remote.HttpCommandExecutor.execute(HttpCommandExecutor.java:184)\r\n\tat org.openqa.selenium.remote.service.DriverCommandExecutor.invokeExecute(DriverCommandExecutor.java:167)\r\n\tat org.openqa.selenium.remote.service.DriverCommandExecutor.execute(DriverCommandExecutor.java:142)\r\n\tat org.openqa.selenium.remote.RemoteWebDriver.execute(RemoteWebDriver.java:588)\r\n\tat org.openqa.selenium.remote.ElementLocation$ElementFinder$2.findElement(ElementLocation.java:162)\r\n\tat org.openqa.selenium.remote.ElementLocation.findElement(ElementLocation.java:60)\r\n\tat org.openqa.selenium.remote.RemoteWebDriver.findElement(RemoteWebDriver.java:406)\r\n\tat org.openqa.selenium.remote.RemoteWebDriver.findElement(RemoteWebDriver.java:398)\r\n\tat org.openqa.selenium.support.pagefactory.DefaultElementLocator.findElement(DefaultElementLocator.java:70)\r\n\tat org.openqa.selenium.support.pagefactory.internal.LocatingElementHandler.invoke(LocatingElementHandler.java:39)\r\n\tat jdk.proxy2/jdk.proxy2.$Proxy26.click(Unknown Source)\r\n\tat MavenProject.Maven.BaseClass.clickOnElement(BaseClass.java:47)\r\n\tat com.stepdefinition.StepDefinition.user_click_the_login_button_an_it_navigates_to_the_search_hotel_page(StepDefinition.java:69)\r\n\tat ✽.user click the login button an it navigates to the search hotel page(file:///C:/Users/lenovo/Cucumberframeworks/MavenProject/src/test/java/com/featurefile/data.feature:6)\r\n","duration":14990600,"status":"failed"},"line":6,"name":"user click the login button an it navigates to the search hotel page","match":{"location":"com.stepdefinition.StepDefinition.user_click_the_login_button_an_it_navigates_to_the_search_hotel_page()"},"keyword":"Then "}]},{"start_timestamp":"2022-07-04T08:42:03.142Z","before":[{"result":{"status":"passed"},"match":{"location":"com.stepdefinition.StepDefinition.beforeHooks(io.cucumber.java.Scenario)"}}],"line":12,"name":"Login functionality","description":"","id":"checking-the-booking-functionality-of-adactin-application;login-functionality;;4","after":[{"result":{"duration":296879900,"status":"passed"},"match":{"location":"com.stepdefinition.StepDefinition.afterHooks(io.cucumber.java.Scenario)"}}],"type":"scenario","keyword":"Scenario Outline","steps":[{"result":{"duration":208813500,"status":"passed"},"line":3,"name":"user must launch URL","match":{"location":"com.stepdefinition.StepDefinition.user_must_launch_URL()"},"keyword":"Given "},{"result":{"duration":291478100,"status":"passed"},"line":4,"name":"User enter the \"Darkknight\" in the username field","match":{"arguments":[{"val":"Darkknight","offset":16}],"location":"com.stepdefinition.StepDefinition.user_enter_the_in_the_username_field(java.lang.String)"},"keyword":"When "},{"result":{"duration":80694600,"status":"passed"},"line":5,"name":"user enter the \"B721CQ\" in the password field","match":{"arguments":[{"val":"B721CQ","offset":16}],"location":"com.stepdefinition.StepDefinition.user_enter_the_in_the_password_field(java.lang.String)"},"keyword":"And "},{"result":{"error_message":"org.openqa.selenium.InvalidSelectorException: invalid selector: Unable to locate an element with the xpath expression ///input[@id = 'login'] because of the following error:\nSyntaxError: Failed to execute 'evaluate' on 'Document': The string '///input[@id = 'login']' is not a valid XPath expression.\n  (Session info: chrome=103.0.5060.66)\nFor documentation on this error, please visit: https://selenium.dev/exceptions/#invalid_selector_exception\nBuild info: version: '4.2.2', revision: '683ccb65d6'\nSystem info: host: 'DESKTOP-8C2AU5Q', ip: '192.168.0.9', os.name: 'Windows 10', os.arch: 'amd64', os.version: '10.0', java.version: '17.0.2'\nDriver info: org.openqa.selenium.chrome.ChromeDriver\nCommand: [aa094827880fa308193ee623eedbbc6b, findElement {using=xpath, value=///input[@id = 'login']}]\nCapabilities {acceptInsecureCerts: false, browserName: chrome, browserVersion: 103.0.5060.66, chrome: {chromedriverVersion: 102.0.5005.61 (0e59bcc00cc4..., userDataDir: C:\\Users\\lenovo\\AppData\\Loc...}, goog:chromeOptions: {debuggerAddress: localhost:60965}, networkConnectionEnabled: false, pageLoadStrategy: normal, platformName: WINDOWS, proxy: Proxy(), se:cdp: ws://localhost:60965/devtoo..., se:cdpVersion: 103.0.5060.66, setWindowRect: true, strictFileInteractability: false, timeouts: {implicit: 0, pageLoad: 300000, script: 30000}, unhandledPromptBehavior: dismiss and notify, webauthn:extension:credBlob: true, webauthn:extension:largeBlob: true, webauthn:virtualAuthenticators: true}\nSession ID: aa094827880fa308193ee623eedbbc6b\r\n\tat java.base/jdk.internal.reflect.NativeConstructorAccessorImpl.newInstance0(Native Method)\r\n\tat java.base/jdk.internal.reflect.NativeConstructorAccessorImpl.newInstance(NativeConstructorAccessorImpl.java:77)\r\n\tat java.base/jdk.internal.reflect.DelegatingConstructorAccessorImpl.newInstance(DelegatingConstructorAccessorImpl.java:45)\r\n\tat java.base/java.lang.reflect.Constructor.newInstanceWithCaller(Constructor.java:499)\r\n\tat java.base/java.lang.reflect.Constructor.newInstance(Constructor.java:480)\r\n\tat org.openqa.selenium.remote.codec.w3c.W3CHttpResponseCodec.createException(W3CHttpResponseCodec.java:200)\r\n\tat org.openqa.selenium.remote.codec.w3c.W3CHttpResponseCodec.decode(W3CHttpResponseCodec.java:133)\r\n\tat org.openqa.selenium.remote.codec.w3c.W3CHttpResponseCodec.decode(W3CHttpResponseCodec.java:53)\r\n\tat org.openqa.selenium.remote.HttpCommandExecutor.execute(HttpCommandExecutor.java:184)\r\n\tat org.openqa.selenium.remote.service.DriverCommandExecutor.invokeExecute(DriverCommandExecutor.java:167)\r\n\tat org.openqa.selenium.remote.service.DriverCommandExecutor.execute(DriverCommandExecutor.java:142)\r\n\tat org.openqa.selenium.remote.RemoteWebDriver.execute(RemoteWebDriver.java:588)\r\n\tat org.openqa.selenium.remote.ElementLocation$ElementFinder$2.findElement(ElementLocation.java:162)\r\n\tat org.openqa.selenium.remote.ElementLocation.findElement(ElementLocation.java:60)\r\n\tat org.openqa.selenium.remote.RemoteWebDriver.findElement(RemoteWebDriver.java:406)\r\n\tat org.openqa.selenium.remote.RemoteWebDriver.findElement(RemoteWebDriver.java:398)\r\n\tat org.openqa.selenium.support.pagefactory.DefaultElementLocator.findElement(DefaultElementLocator.java:70)\r\n\tat org.openqa.selenium.support.pagefactory.internal.LocatingElementHandler.invoke(LocatingElementHandler.java:39)\r\n\tat jdk.proxy2/jdk.proxy2.$Proxy26.click(Unknown Source)\r\n\tat MavenProject.Maven.BaseClass.clickOnElement(BaseClass.java:47)\r\n\tat com.stepdefinition.StepDefinition.user_click_the_login_button_an_it_navigates_to_the_search_hotel_page(StepDefinition.java:69)\r\n\tat ✽.user click the login button an it navigates to the search hotel page(file:///C:/Users/lenovo/Cucumberframeworks/MavenProject/src/test/java/com/featurefile/data.feature:6)\r\n","duration":12481600,"status":"failed"},"line":6,"name":"user click the login button an it navigates to the search hotel page","match":{"location":"com.stepdefinition.StepDefinition.user_click_the_login_button_an_it_navigates_to_the_search_hotel_page()"},"keyword":"Then "}]},{"start_timestamp":"2022-07-04T08:42:04.048Z","before":[{"result":{"duration":999400,"status":"passed"},"match":{"location":"com.stepdefinition.StepDefinition.beforeHooks(io.cucumber.java.Scenario)"}}],"line":15,"name":"Hotel Selection","description":"","id":"checking-the-booking-functionality-of-adactin-application;hotel-selection","after":[{"result":{"duration":279855000,"status":"passed"},"match":{"location":"com.stepdefinition.StepDefinition.afterHooks(io.cucumber.java.Scenario)"}}],"type":"scenario","keyword":"Scenario","steps":[{"result":{"error_message":"org.openqa.selenium.NoSuchElementException: no such element: Unable to locate element: {\"method\":\"xpath\",\"selector\":\"//select[@id = 'location']\"}\n  (Session info: chrome=103.0.5060.66)\nFor documentation on this error, please visit: https://selenium.dev/exceptions/#no_such_element\nBuild info: version: '4.2.2', revision: '683ccb65d6'\nSystem info: host: 'DESKTOP-8C2AU5Q', ip: '192.168.0.9', os.name: 'Windows 10', os.arch: 'amd64', os.version: '10.0', java.version: '17.0.2'\nDriver info: org.openqa.selenium.chrome.ChromeDriver\nCommand: [aa094827880fa308193ee623eedbbc6b, findElement {using=xpath, value=//select[@id = 'location']}]\nCapabilities {acceptInsecureCerts: false, browserName: chrome, browserVersion: 103.0.5060.66, chrome: {chromedriverVersion: 102.0.5005.61 (0e59bcc00cc4..., userDataDir: C:\\Users\\lenovo\\AppData\\Loc...}, goog:chromeOptions: {debuggerAddress: localhost:60965}, networkConnectionEnabled: false, pageLoadStrategy: normal, platformName: WINDOWS, proxy: Proxy(), se:cdp: ws://localhost:60965/devtoo..., se:cdpVersion: 103.0.5060.66, setWindowRect: true, strictFileInteractability: false, timeouts: {implicit: 0, pageLoad: 300000, script: 30000}, unhandledPromptBehavior: dismiss and notify, webauthn:extension:credBlob: true, webauthn:extension:largeBlob: true, webauthn:virtualAuthenticators: true}\nSession ID: aa094827880fa308193ee623eedbbc6b\r\n\tat java.base/jdk.internal.reflect.NativeConstructorAccessorImpl.newInstance0(Native Method)\r\n\tat java.base/jdk.internal.reflect.NativeConstructorAccessorImpl.newInstance(NativeConstructorAccessorImpl.java:77)\r\n\tat java.base/jdk.internal.reflect.DelegatingConstructorAccessorImpl.newInstance(DelegatingConstructorAccessorImpl.java:45)\r\n\tat java.base/java.lang.reflect.Constructor.newInstanceWithCaller(Constructor.java:499)\r\n\tat java.base/java.lang.reflect.Constructor.newInstance(Constructor.java:480)\r\n\tat org.openqa.selenium.remote.codec.w3c.W3CHttpResponseCodec.createException(W3CHttpResponseCodec.java:200)\r\n\tat org.openqa.selenium.remote.codec.w3c.W3CHttpResponseCodec.decode(W3CHttpResponseCodec.java:133)\r\n\tat org.openqa.selenium.remote.codec.w3c.W3CHttpResponseCodec.decode(W3CHttpResponseCodec.java:53)\r\n\tat org.openqa.selenium.remote.HttpCommandExecutor.execute(HttpCommandExecutor.java:184)\r\n\tat org.openqa.selenium.remote.service.DriverCommandExecutor.invokeExecute(DriverCommandExecutor.java:167)\r\n\tat org.openqa.selenium.remote.service.DriverCommandExecutor.execute(DriverCommandExecutor.java:142)\r\n\tat org.openqa.selenium.remote.RemoteWebDriver.execute(RemoteWebDriver.java:588)\r\n\tat org.openqa.selenium.remote.ElementLocation$ElementFinder$2.findElement(ElementLocation.java:162)\r\n\tat org.openqa.selenium.remote.ElementLocation.findElement(ElementLocation.java:60)\r\n\tat org.openqa.selenium.remote.RemoteWebDriver.findElement(RemoteWebDriver.java:406)\r\n\tat org.openqa.selenium.remote.RemoteWebDriver.findElement(RemoteWebDriver.java:398)\r\n\tat org.openqa.selenium.support.pagefactory.DefaultElementLocator.findElement(DefaultElementLocator.java:70)\r\n\tat org.openqa.selenium.support.pagefactory.internal.LocatingElementHandler.invoke(LocatingElementHandler.java:39)\r\n\tat jdk.proxy2/jdk.proxy2.$Proxy26.getTagName(Unknown Source)\r\n\tat org.openqa.selenium.support.ui.Select.<init>(Select.java:46)\r\n\tat MavenProject.Maven.BaseClass.value(BaseClass.java:59)\r\n\tat com.stepdefinition.StepDefinition.user_select_the_locaion_in_location(StepDefinition.java:74)\r\n\tat ✽.user select the locaion \"Los Angeles\" in location(file:///C:/Users/lenovo/Cucumberframeworks/MavenProject/src/test/java/com/featurefile/data.feature:16)\r\n","duration":125280100,"status":"failed"},"line":16,"name":"user select the locaion \"Los Angeles\" in location","match":{"arguments":[{"val":"Los Angeles","offset":25}],"location":"com.stepdefinition.StepDefinition.user_select_the_locaion_in_location(java.lang.String)"},"keyword":"When "}]}],"name":"Checking the booking functionality of adactin application","description":"","id":"checking-the-booking-functionality-of-adactin-application","keyword":"Feature","uri":"file:src/test/java/com/featurefile/data.feature","tags":[]}]